Job started: Sun Apr 12 21:05:42 WEST 2026
Node: hpc04
GPU: Tesla V100S-PCIE-32GB
Running target 0, thresh 48, gap 6, model TCN
0412_hosp_mort_48h_6h_tcn
Before filtering, train size is 33206
After filtering, train size is 16399
Before filtering, train size is 88513
After filtering, train size is 42334
Creating TCN
Saving Initial Weights
Trainable params in TCN is 1618690
No warm up
Starting Fold 0
TRAIN: 16906 TEST: 1879
Compiled another CV data
Train acc is 80.30%
Validation pos acc is 81.74%
Validation acc is 79.35%, validation ROC is 0.88
Epoch 0, : Train loss is 0.4344, validation loss is 0.4542
Train acc is 85.32%
Validation pos acc is 75.34%
Validation acc is 82.49%, validation ROC is 0.88
Epoch 1, : Train loss is 0.3439, validation loss is 0.5195
Train acc is 89.22%
Validation pos acc is 67.58%
Validation acc is 83.77%, validation ROC is 0.87
Epoch 2, : Train loss is 0.2775, validation loss is 0.6369
Train acc is 92.30%
Validation pos acc is 62.56%
Validation acc is 86.70%, validation ROC is 0.87
Epoch 3, : Train loss is 0.2084, validation loss is 0.8874
Train acc is 93.82%
Validation pos acc is 52.05%
Validation acc is 86.70%, validation ROC is 0.85
Start next fold
Save a model with best roc 0.878
Starting Fold 1
TRAIN: 16906 TEST: 1879
Compiled another CV data
Train acc is 80.22%
Validation pos acc is 80.85%
Validation acc is 77.43%, validation ROC is 0.87
Epoch 0, : Train loss is 0.4288, validation loss is 0.4450
Train acc is 85.58%
Validation pos acc is 65.53%
Validation acc is 82.33%, validation ROC is 0.85
Epoch 1, : Train loss is 0.3449, validation loss is 0.5787
Train acc is 89.42%
Validation pos acc is 62.98%
Validation acc is 83.50%, validation ROC is 0.85
Epoch 2, : Train loss is 0.2699, validation loss is 0.8323
Train acc is 92.60%
Validation pos acc is 57.87%
Validation acc is 84.35%, validation ROC is 0.85
Epoch 3, : Train loss is 0.2018, validation loss is 1.0160
Train acc is 94.61%
Validation pos acc is 56.17%
Validation acc is 85.84%, validation ROC is 0.84
Start next fold
Starting Fold 2
TRAIN: 16906 TEST: 1879
Compiled another CV data
Train acc is 80.11%
Validation pos acc is 81.78%
Validation acc is 80.36%, validation ROC is 0.89
Epoch 0, : Train loss is 0.4370, validation loss is 0.4229
Train acc is 85.45%
Validation pos acc is 81.36%
Validation acc is 81.69%, validation ROC is 0.88
Epoch 1, : Train loss is 0.3494, validation loss is 0.5304
Train acc is 89.05%
Validation pos acc is 72.03%
Validation acc is 83.71%, validation ROC is 0.86
Epoch 2, : Train loss is 0.2822, validation loss is 0.7276
Train acc is 92.20%
Validation pos acc is 58.47%
Validation acc is 85.90%, validation ROC is 0.84
Epoch 3, : Train loss is 0.2104, validation loss is 1.1203
Train acc is 94.53%
Validation pos acc is 64.41%
Validation acc is 85.90%, validation ROC is 0.86
Start next fold
Save a model with best roc 0.880
Starting Fold 3
TRAIN: 16906 TEST: 1879
Compiled another CV data
Train acc is 80.35%
Validation pos acc is 79.71%
Validation acc is 80.15%, validation ROC is 0.87
Epoch 0, : Train loss is 0.4398, validation loss is 0.5070
Train acc is 85.89%
Validation pos acc is 76.81%
Validation acc is 77.75%, validation ROC is 0.85
Epoch 1, : Train loss is 0.3408, validation loss is 0.5178
Train acc is 89.55%
Validation pos acc is 64.73%
Validation acc is 82.33%, validation ROC is 0.84
Epoch 2, : Train loss is 0.2728, validation loss is 0.6548
Train acc is 92.78%
Validation pos acc is 57.97%
Validation acc is 84.94%, validation ROC is 0.84
Epoch 3, : Train loss is 0.1976, validation loss is 1.0037
Train acc is 94.92%
Validation pos acc is 51.69%
Validation acc is 87.44%, validation ROC is 0.83
Start next fold
Starting Fold 4
TRAIN: 16906 TEST: 1879
Compiled another CV data
Train acc is 80.51%
Validation pos acc is 82.59%
Validation acc is 73.28%, validation ROC is 0.87
Epoch 0, : Train loss is 0.4236, validation loss is 0.4737
Train acc is 85.70%
Validation pos acc is 71.88%
Validation acc is 81.91%, validation ROC is 0.86
Epoch 1, : Train loss is 0.3424, validation loss is 0.5122
Train acc is 89.21%
Validation pos acc is 72.77%
Validation acc is 81.64%, validation ROC is 0.86
Epoch 2, : Train loss is 0.2688, validation loss is 0.6611
Train acc is 92.45%
Validation pos acc is 61.16%
Validation acc is 84.62%, validation ROC is 0.85
Epoch 3, : Train loss is 0.2050, validation loss is 0.8794
Train acc is 94.94%
Validation pos acc is 53.12%
Validation acc is 85.90%, validation ROC is 0.84
Start next fold
Save a model with best roc 0.881
Starting Fold 5
TRAIN: 16907 TEST: 1878
Compiled another CV data
Train acc is 81.07%
Validation pos acc is 88.94%
Validation acc is 74.49%, validation ROC is 0.89
Epoch 0, : Train loss is 0.4289, validation loss is 0.4554
Train acc is 85.46%
Validation pos acc is 70.64%
Validation acc is 81.42%, validation ROC is 0.87
Epoch 1, : Train loss is 0.3440, validation loss is 0.5369
Train acc is 89.01%
Validation pos acc is 75.74%
Validation acc is 81.26%, validation ROC is 0.88
Epoch 2, : Train loss is 0.2734, validation loss is 0.5246
Train acc is 92.49%
Validation pos acc is 63.40%
Validation acc is 86.00%, validation ROC is 0.87
Epoch 3, : Train loss is 0.2001, validation loss is 0.8345
Train acc is 94.69%
Validation pos acc is 57.87%
Validation acc is 86.74%, validation ROC is 0.86
Start next fold
Starting Fold 6
TRAIN: 16907 TEST: 1878
Compiled another CV data
Train acc is 79.63%
Validation pos acc is 91.71%
Validation acc is 68.64%, validation ROC is 0.87
Epoch 0, : Train loss is 0.4450, validation loss is 0.4901
Train acc is 85.26%
Validation pos acc is 84.46%
Validation acc is 75.19%, validation ROC is 0.87
Epoch 1, : Train loss is 0.3491, validation loss is 0.4556
Train acc is 88.87%
Validation pos acc is 71.50%
Validation acc is 84.08%, validation ROC is 0.87
Epoch 2, : Train loss is 0.2806, validation loss is 0.5887
Train acc is 92.12%
Validation pos acc is 68.91%
Validation acc is 85.30%, validation ROC is 0.87
Epoch 3, : Train loss is 0.2135, validation loss is 0.7739
Train acc is 93.89%
Validation pos acc is 62.18%
Validation acc is 86.90%, validation ROC is 0.87
Epoch 4, : Train loss is 0.1701, validation loss is 1.1328
Train acc is 95.78%
Validation pos acc is 58.55%
Validation acc is 86.79%, validation ROC is 0.86
Epoch 5, : Train loss is 0.1265, validation loss is 1.2276
Train acc is 96.50%
Validation pos acc is 56.48%
Validation acc is 85.89%, validation ROC is 0.86
Epoch 6, : Train loss is 0.1055, validation loss is 1.2618
Train acc is 97.13%
Validation pos acc is 48.19%
Validation acc is 87.75%, validation ROC is 0.85
Start next fold
Starting Fold 7
TRAIN: 16907 TEST: 1878
Compiled another CV data
Train acc is 80.51%
Validation pos acc is 77.63%
Validation acc is 82.96%, validation ROC is 0.89
Epoch 0, : Train loss is 0.4384, validation loss is 0.4360
Train acc is 85.43%
Validation pos acc is 79.39%
Validation acc is 81.26%, validation ROC is 0.88
Epoch 1, : Train loss is 0.3461, validation loss is 0.5127
Train acc is 89.26%
Validation pos acc is 76.75%
Validation acc is 80.03%, validation ROC is 0.87
Epoch 2, : Train loss is 0.2797, validation loss is 0.5751
Train acc is 92.32%
Validation pos acc is 68.86%
Validation acc is 81.58%, validation ROC is 0.86
Epoch 3, : Train loss is 0.2088, validation loss is 0.7884
Train acc is 94.46%
Validation pos acc is 60.96%
Validation acc is 85.25%, validation ROC is 0.87
Start next fold
Starting Fold 8
TRAIN: 16907 TEST: 1878
Compiled another CV data
Train acc is 80.24%
Validation pos acc is 81.59%
Validation acc is 72.26%, validation ROC is 0.86
Epoch 0, : Train loss is 0.4357, validation loss is 0.5310
Train acc is 85.35%
Validation pos acc is 77.61%
Validation acc is 75.24%, validation ROC is 0.87
Epoch 1, : Train loss is 0.3479, validation loss is 0.5505
Train acc is 89.32%
Validation pos acc is 66.67%
Validation acc is 84.82%, validation ROC is 0.86
Epoch 2, : Train loss is 0.2798, validation loss is 0.6475
Train acc is 91.87%
Validation pos acc is 68.16%
Validation acc is 83.71%, validation ROC is 0.86
Epoch 3, : Train loss is 0.2139, validation loss is 0.8656
Train acc is 94.09%
Validation pos acc is 62.69%
Validation acc is 84.61%, validation ROC is 0.85
Epoch 4, : Train loss is 0.1657, validation loss is 0.9773
Train acc is 95.41%
Validation pos acc is 56.22%
Validation acc is 85.89%, validation ROC is 0.84
Epoch 5, : Train loss is 0.1327, validation loss is 1.1545
Train acc is 96.36%
Validation pos acc is 46.27%
Validation acc is 87.17%, validation ROC is 0.84
Start next fold
Starting Fold 9
TRAIN: 16907 TEST: 1878
Compiled another CV data
Train acc is 80.19%
Validation pos acc is 82.27%
Validation acc is 77.48%, validation ROC is 0.88
Epoch 0, : Train loss is 0.4358, validation loss is 0.4302
Train acc is 85.16%
Validation pos acc is 76.82%
Validation acc is 81.10%, validation ROC is 0.88
Epoch 1, : Train loss is 0.3492, validation loss is 0.5148
Train acc is 89.83%
Validation pos acc is 60.91%
Validation acc is 85.57%, validation ROC is 0.86
Epoch 2, : Train loss is 0.2660, validation loss is 0.6901
Train acc is 92.60%
Validation pos acc is 64.55%
Validation acc is 83.87%, validation ROC is 0.87
Epoch 3, : Train loss is 0.2044, validation loss is 0.7443
Train acc is 95.01%
Validation pos acc is 71.36%
Validation acc is 82.22%, validation ROC is 0.87
Start next fold
Save a model with best roc 0.882
Job finished: Sun Apr 12 21:51:13 WEST 2026
